Added Component: Designator=C1(CAPC2013X100N-0805-NoOverlay)
Added Component: Designator=C2(CAPC2013X100N-0805-NoOverlay)
Added Component: Designator=C3(CAPC2013X100N-0805-NoOverlay)
Added Component: Designator=C4(CAPC2013X100N-0805-NoOverlay)
Added Component: Designator=C5(CAPC1608X55N-0603-NoOverlay)
Added Component: Designator=C6(CAPC3216X140N-1206-NoOverlay)
Added Component: Designator=C7(CAPC3216X140N-1206-NoOverlay)
Added Component: Designator=C8(CAPC3225X100N-1210-NoOverlay)
Added Component: Designator=C9(CAPC2013X100N-0805-NoOverlay)
Added Component: Designator=C10(CAPC2013X100N-0805-NoOverlay)
Added Component: Designator=D1(DIOM5127X229N-NoOverlay)
Added Component: Designator=D2(DIOM5127X229N-NoOverlay)
Added Component: Designator=J1(HM2X20-NoOverlay)
Added Component: Designator=L1(XAL7030-NOOVERLAY)
Added Component: Designator=R1(RESC2013X38N-0805-NOOVERLAY)
Added Component: Designator=R2(RESC2013X38N-0805-NOOVERLAY)
Added Component: Designator=R3(RESC2013X38N-0805-NOOVERLAY)
Added Component: Designator=R4(RESC2013X38N-0805-NOOVERLAY)
Added Component: Designator=R5(RESC2013X38N-0805-NOOVERLAY)
Added Component: Designator=R6(RESC2013X38N-0805-NOOVERLAY)
Added Component: Designator=R7(RESC2013X38N-0805-NOOVERLAY)
Added Component: Designator=R8(RESC2013X38N-0805-NOOVERLAY)
Added Component: Designator=Y1(CRYSTAL SMD-NoOverlay)
Added Pin To Net: NetName=E\X\T\_\I\N\T\ Pin=J1-22
Added Net: Name=E\X\T\_\I\N\T\
Added Pin To Net: NetName=GND Pin=C1-1
Added Pin To Net: NetName=GND Pin=C2-1
Added Pin To Net: NetName=GND Pin=C3-1
Added Pin To Net: NetName=GND Pin=C4-1
Added Pin To Net: NetName=GND Pin=C6-1
Added Pin To Net: NetName=GND Pin=C7-1
Added Pin To Net: NetName=GND Pin=C8-1
Added Pin To Net: NetName=GND Pin=C9-1
Added Pin To Net: NetName=GND Pin=C10-1
Added Pin To Net: NetName=GND Pin=D1-2
Added Pin To Net: NetName=GND Pin=J1-6
Added Pin To Net: NetName=GND Pin=J1-9
Added Pin To Net: NetName=GND Pin=J1-14
Added Pin To Net: NetName=GND Pin=J1-20
Added Pin To Net: NetName=GND Pin=J1-25
Added Pin To Net: NetName=GND Pin=J1-30
Added Pin To Net: NetName=GND Pin=J1-34
Added Pin To Net: NetName=GND Pin=J1-39
Added Pin To Net: NetName=GND Pin=L1-1
Added Pin To Net: NetName=GND Pin=R1-1
Added Pin To Net: NetName=GND Pin=R4-1
Added Pin To Net: NetName=GND Pin=R5-1
Added Pin To Net: NetName=GND Pin=R8-1
Added Net: Name=GND
Added Pin To Net: NetName=Net*_22 Pin=D2-2
Added Net: Name=Net*_22
Added Pin To Net: NetName=NetC1_2 Pin=C1-2
Added Pin To Net: NetName=NetC1_2 Pin=Y1-2
Added Net: Name=NetC1_2
Added Pin To Net: NetName=NetC2_2 Pin=C2-2
Added Pin To Net: NetName=NetC2_2 Pin=Y1-1
Added Net: Name=NetC2_2
Added Pin To Net: NetName=NetC5_1 Pin=C5-1
Added Net: Name=NetC5_1
Added Pin To Net: NetName=NetC5_2 Pin=C5-2
Added Pin To Net: NetName=NetC5_2 Pin=D1-1
Added Net: Name=NetC5_2
Added Pin To Net: NetName=NetC6_2 Pin=C6-2
Added Pin To Net: NetName=NetC6_2 Pin=C7-2
Added Pin To Net: NetName=NetC6_2 Pin=D2-1
Added Pin To Net: NetName=NetC6_2 Pin=R2-2
Added Net: Name=NetC6_2
Added Pin To Net: NetName=NetC9_2 Pin=C9-2
Added Pin To Net: NetName=NetC9_2 Pin=R6-2
Added Net: Name=NetC9_2
Added Pin To Net: NetName=NetC10_2 Pin=C10-2
Added Pin To Net: NetName=NetC10_2 Pin=R6-1
Added Net: Name=NetC10_2
Added Pin To Net: NetName=NetR1_2 Pin=R1-2
Added Net: Name=NetR1_2
Added Pin To Net: NetName=NetR2_1 Pin=R2-1
Added Pin To Net: NetName=NetR2_1 Pin=R4-2
Added Net: Name=NetR2_1
Added Pin To Net: NetName=NetR3_1 Pin=R3-1
Added Pin To Net: NetName=NetR3_1 Pin=R7-2
Added Net: Name=NetR3_1
Added Pin To Net: NetName=NetR5_2 Pin=R5-2
Added Net: Name=NetR5_2
Added Pin To Net: NetName=NetR7_1 Pin=R7-1
Added Pin To Net: NetName=NetR7_1 Pin=R8-2
Added Net: Name=NetR7_1
Added Net: Name=NetU1_1
Added Net: Name=NetU1_2
Added Pin To Net: NetName=RXD Pin=J1-10
Added Net: Name=RXD
Added Pin To Net: NetName=S\P\I\_\C\S\0\ Pin=J1-24
Added Net: Name=S\P\I\_\C\S\0\
Added Pin To Net: NetName=SPI_CLK Pin=J1-23
Added Net: Name=SPI_CLK
Added Pin To Net: NetName=SPI_MISO Pin=J1-21
Added Net: Name=SPI_MISO
Added Pin To Net: NetName=SPI_MOSI Pin=J1-19
Added Net: Name=SPI_MOSI
Added Pin To Net: NetName=TXD Pin=J1-8
Added Net: Name=TXD
Added Pin To Net: NetName=VCC-3V3 Pin=C3-2
Added Pin To Net: NetName=VCC-3V3 Pin=C4-2
Added Net: Name=VCC-3V3
Added Pin To Net: NetName=VCC-5V Pin=C8-2
Added Pin To Net: NetName=VCC-5V Pin=J1-2
Added Pin To Net: NetName=VCC-5V Pin=J1-4
Added Pin To Net: NetName=VCC-5V Pin=L1-2
Added Pin To Net: NetName=VCC-5V Pin=R3-2
Added Net: Name=VCC-5V
Added Class: Name=PI_CAN_Interface_v2
